<?xml version="1.0" encoding="UTF-8"?>
<testsuite name="day6.Advent6Test" tests="6" skipped="0" failures="0" errors="0" timestamp="2020-12-05T19:58:03" hostname="carrie" time="0.007">
  <properties/>
  <testcase name="check map validation" classname="day6.Advent6Test" time="0.005"/>
  <testcase name="jumpTest" classname="day6.Advent6Test" time="0.001"/>
  <testcase name="simple1" classname="day6.Advent6Test" time="0.0"/>
  <testcase name="simple2" classname="day6.Advent6Test" time="0.001"/>
  <testcase name="simple3" classname="day6.Advent6Test" time="0.0"/>
  <testcase name="simple4" classname="day6.Advent6Test" time="0.0"/>
  <system-out><![CDATA[]]></system-out>
  <system-err><![CDATA[]]></system-err>
</testsuite>
