<?xml version="1.0" encoding="UTF-8"?>
<testsuite name="day7.Advent7Test" tests="2" skipped="0" failures="0" errors="0" timestamp="2020-12-05T19:58:03" hostname="carrie" time="0.003">
  <properties/>
  <testcase name="checkPermutations2" classname="day7.Advent7Test" time="0.002"/>
  <testcase name="checkPermutations3" classname="day7.Advent7Test" time="0.001"/>
  <system-out><![CDATA[]]></system-out>
  <system-err><![CDATA[]]></system-err>
</testsuite>
