<?xml version="1.0" encoding="UTF-8"?>
<testsuite name="day4.Advent4Test" tests="5" skipped="0" failures="0" errors="0" timestamp="2020-12-05T19:58:03" hostname="carrie" time="0.018">
  <properties/>
  <testcase name="check1" classname="day4.Advent4Test" time="0.017"/>
  <testcase name="check2" classname="day4.Advent4Test" time="0.0"/>
  <testcase name="check3" classname="day4.Advent4Test" time="0.0"/>
  <testcase name="check4" classname="day4.Advent4Test" time="0.0"/>
  <testcase name="check5" classname="day4.Advent4Test" time="0.0"/>
  <system-out><![CDATA[]]></system-out>
  <system-err><![CDATA[]]></system-err>
</testsuite>
