<?xml version="1.0" encoding="UTF-8"?>
<testsuite name="day9.Advent9Test" tests="3" skipped="0" failures="0" errors="0" timestamp="2020-12-05T19:58:03" hostname="carrie" time="0.006">
  <properties/>
  <testcase name="check1" classname="day9.Advent9Test" time="0.004"/>
  <testcase name="check2" classname="day9.Advent9Test" time="0.001"/>
  <testcase name="check3" classname="day9.Advent9Test" time="0.001"/>
  <system-out><![CDATA[[1219070632396864]
]]></system-out>
  <system-err><![CDATA[]]></system-err>
</testsuite>
