<?xml version="1.0" encoding="UTF-8"?>
<testsuite name="day5.Advent5Test" tests="2" skipped="0" failures="0" errors="0" timestamp="2020-12-05T19:58:02" hostname="carrie" time="0.039">
  <properties/>
  <testcase name="check 1" classname="day5.Advent5Test" time="0.037"/>
  <testcase name="check 2" classname="day5.Advent5Test" time="0.001"/>
  <system-out><![CDATA[]]></system-out>
  <system-err><![CDATA[]]></system-err>
</testsuite>
