<?xml version="1.0" encoding="UTF-8"?>
<testsuite name="day2.Advent2Test" tests="4" skipped="0" failures="0" errors="0" timestamp="2020-12-05T19:58:03" hostname="carrie" time="0.002">
  <properties/>
  <testcase name="check multiply" classname="day2.Advent2Test" time="0.001"/>
  <testcase name="check complex" classname="day2.Advent2Test" time="0.0"/>
  <testcase name="check add" classname="day2.Advent2Test" time="0.0"/>
  <testcase name="check multiply 2" classname="day2.Advent2Test" time="0.0"/>
  <system-out><![CDATA[]]></system-out>
  <system-err><![CDATA[]]></system-err>
</testsuite>
